<?xml version="1.0" encoding="UTF-8"?>
<testsuite xmlns:xsi="http://www.w3.org/2001/XMLSchema-instance" xsi:noNamespaceSchemaLocation="https://maven.apache.org/surefire/maven-surefire-plugin/xsd/surefire-test-report.xsd" name="TestSuite" time="4.548" tests="14" errors="0" skipped="0" failures="0">
  <properties>
    <property name="java.runtime.name" value="Java(TM) SE Runtime Environment"/>
    <property name="sun.boot.library.path" value="D:\BaiduNetdiskDownload\JDK8_64\jre\bin"/>
    <property name="java.vm.version" value="25.40-b25"/>
    <property name="java.vm.vendor" value="Oracle Corporation"/>
    <property name="maven.multiModuleProjectDirectory" value="D:\project\test\allureTest"/>
    <property name="java.vendor.url" value="http://java.oracle.com/"/>
    <property name="path.separator" value=";"/>
    <property name="guice.disable.misplaced.annotation.check" value="true"/>
    <property name="java.vm.name" value="Java HotSpot(TM) 64-Bit Server VM"/>
    <property name="file.encoding.pkg" value="sun.io"/>
    <property name="user.script" value=""/>
    <property name="user.country" value="CN"/>
    <property name="sun.java.launcher" value="SUN_STANDARD"/>
    <property name="sun.os.patch.level" value=""/>
    <property name="java.vm.specification.name" value="Java Virtual Machine Specification"/>
    <property name="user.dir" value="D:\project\test\allureTest"/>
    <property name="java.runtime.version" value="1.8.0_40-b25"/>
    <property name="java.awt.graphicsenv" value="sun.awt.Win32GraphicsEnvironment"/>
    <property name="java.endorsed.dirs" value="D:\BaiduNetdiskDownload\JDK8_64\jre\lib\endorsed"/>
    <property name="os.arch" value="amd64"/>
    <property name="java.io.tmpdir" value="C:\Users\yebb\AppData\Local\Temp\"/>
    <property name="line.separator" value="&#10;"/>
    <property name="java.vm.specification.vendor" value="Oracle Corporation"/>
    <property name="user.variant" value=""/>
    <property name="os.name" value="Windows 8.1"/>
    <property name="classworlds.conf" value="D:\apache-maven-3.6.1-bin\apache-maven-3.6.1\bin\..\bin\m2.conf"/>
    <property name="sun.jnu.encoding" value="GBK"/>
    <property name="java.library.path" value="D:\BaiduNetdiskDownload\JDK8_64\bin;C:\WINDOWS\Sun\Java\bin;C:\WINDOWS\system32;C:\WINDOWS;D:\tool\xshell\;C:\WINDOWS\system32;C:\WINDOWS;C:\WINDOWS\System32\Wbem;C:\WINDOWS\System32\WindowsPowerShell\v1.0\;C:\Program Files\IDM Computer Solutions\UltraEdit;d:\tool\Git\cmd;C:\Program Files\MySQL\MySQL Server 5.1\bin;C:\Program Files\TortoiseSVN\bin;C:\Users\yebb\AppData\Local\Microsoft\WindowsApps;D:\BaiduNetdiskDownload\JDK8_64;D:\BaiduNetdiskDownload\JDK8_64\bin;D:\apache-maven-3.6.1-bin\apache-maven-3.6.1\bin;D:\tool\apache-tomcat-7.0.96\lib;D:\tool\apache-tomcat-7.0.96\bin;D:\tool\allure-2.6.0\bin;;."/>
    <property name="maven.conf" value="D:\apache-maven-3.6.1-bin\apache-maven-3.6.1\bin\../conf"/>
    <property name="java.specification.name" value="Java Platform API Specification"/>
    <property name="java.class.version" value="52.0"/>
    <property name="sun.management.compiler" value="HotSpot 64-Bit Tiered Compilers"/>
    <property name="os.version" value="6.3"/>
    <property name="library.jansi.path" value="D:\apache-maven-3.6.1-bin\apache-maven-3.6.1\bin\..\lib\jansi-native"/>
    <property name="user.home" value="C:\Users\yebb"/>
    <property name="user.timezone" value="Asia/Shanghai"/>
    <property name="java.awt.printerjob" value="sun.awt.windows.WPrinterJob"/>
    <property name="java.specification.version" value="1.8"/>
    <property name="file.encoding" value="GBK"/>
    <property name="user.name" value="yebb"/>
    <property name="java.class.path" value="D:\apache-maven-3.6.1-bin\apache-maven-3.6.1\bin\..\boot\plexus-classworlds-2.6.0.jar"/>
    <property name="java.vm.specification.version" value="1.8"/>
    <property name="sun.arch.data.model" value="64"/>
    <property name="java.home" value="D:\BaiduNetdiskDownload\JDK8_64\jre"/>
    <property name="sun.java.command" value="org.codehaus.plexus.classworlds.launcher.Launcher clean test"/>
    <property name="java.specification.vendor" value="Oracle Corporation"/>
    <property name="user.language" value="zh"/>
    <property name="awt.toolkit" value="sun.awt.windows.WToolkit"/>
    <property name="java.vm.info" value="mixed mode"/>
    <property name="java.version" value="1.8.0_40"/>
    <property name="java.ext.dirs" value="D:\BaiduNetdiskDownload\JDK8_64\jre\lib\ext;C:\WINDOWS\Sun\Java\lib\ext"/>
    <property name="sun.boot.class.path" value="D:\BaiduNetdiskDownload\JDK8_64\jre\lib\resources.jar;D:\BaiduNetdiskDownload\JDK8_64\jre\lib\rt.jar;D:\BaiduNetdiskDownload\JDK8_64\jre\lib\sunrsasign.jar;D:\BaiduNetdiskDownload\JDK8_64\jre\lib\jsse.jar;D:\BaiduNetdiskDownload\JDK8_64\jre\lib\jce.jar;D:\BaiduNetdiskDownload\JDK8_64\jre\lib\charsets.jar;D:\BaiduNetdiskDownload\JDK8_64\jre\lib\jfr.jar;D:\BaiduNetdiskDownload\JDK8_64\jre\classes"/>
    <property name="sun.stderr.encoding" value="ms936"/>
    <property name="java.vendor" value="Oracle Corporation"/>
    <property name="maven.home" value="D:\apache-maven-3.6.1-bin\apache-maven-3.6.1\bin\.."/>
    <property name="file.separator" value="\"/>
    <property name="java.vendor.url.bug" value="http://bugreport.sun.com/bugreport/"/>
    <property name="sun.cpu.endian" value="little"/>
    <property name="sun.io.unicode.encoding" value="UnicodeLittle"/>
    <property name="sun.stdout.encoding" value="ms936"/>
    <property name="sun.desktop" value="windows"/>
    <property name="sun.cpu.isalist" value="amd64"/>
  </properties>
  <testcase name="filterCon" classname="com.fc.community.AllSiteData" time="0.635"/>
  <testcase name="filterCon" classname="com.fc.community.Collection" time="0.392"/>
  <testcase name="filterCon" classname="com.fc.community.CollectionStatus" time="0.096"/>
  <testcase name="filterCon" classname="com.fc.community.CommunityDetail" time="0.382"/>
  <testcase name="filterCon" classname="com.fc.community.CommunityList" time="0.787"/>
  <testcase name="filterCon" classname="com.fc.community.FilterCondition" time="0.022"/>
  <testcase name="filterCon" classname="com.fc.community.GetSeneschal" time="0.002"/>
  <testcase name="filterCon" classname="com.fc.community.HotHouseRents" time="0.147"/>
  <testcase name="filterCon" classname="com.fc.community.HotHouses" time="0.173"/>
  <testcase name="filterCon" classname="com.fc.community.HotWord" time="0.001"/>
  <testcase name="filterCon" classname="com.fc.community.ListsByLpIds" time="0.03"/>
  <testcase name="filterCon" classname="com.fc.community.Metion" time="0.007"/>
  <testcase name="filterCon" classname="com.fc.community.NearHouse" time="0.16"/>
  <testcase name="filterCon" classname="com.fc.community.NearHouseRent" time="0.158"/>
</testsuite>