<?xml version="1.0" encoding="UTF-8"?>
<testsuite xmlns:xsi="http://www.w3.org/2001/XMLSchema-instance" xsi:noNamespaceSchemaLocation="https://maven.apache.org/surefire/maven-surefire-plugin/xsd/surefire-test-report.xsd" name="TestSuite" time="29.957" tests="52" errors="0" skipped="0" failures="0">
  <properties>
    <property name="java.runtime.name" value="Java(TM) SE Runtime Environment"/>
    <property name="sun.boot.library.path" value="D:\BaiduNetdiskDownload\JDK8_64\jre\bin"/>
    <property name="java.vm.version" value="25.40-b25"/>
    <property name="java.vm.vendor" value="Oracle Corporation"/>
    <property name="maven.multiModuleProjectDirectory" value="D:\project\test\allureTest"/>
    <property name="java.vendor.url" value="http://java.oracle.com/"/>
    <property name="path.separator" value=";"/>
    <property name="guice.disable.misplaced.annotation.check" value="true"/>
    <property name="java.vm.name" value="Java HotSpot(TM) 64-Bit Server VM"/>
    <property name="file.encoding.pkg" value="sun.io"/>
    <property name="user.script" value=""/>
    <property name="user.country" value="CN"/>
    <property name="sun.java.launcher" value="SUN_STANDARD"/>
    <property name="sun.os.patch.level" value=""/>
    <property name="java.vm.specification.name" value="Java Virtual Machine Specification"/>
    <property name="user.dir" value="D:\project\test\allureTest"/>
    <property name="java.runtime.version" value="1.8.0_40-b25"/>
    <property name="java.awt.graphicsenv" value="sun.awt.Win32GraphicsEnvironment"/>
    <property name="java.endorsed.dirs" value="D:\BaiduNetdiskDownload\JDK8_64\jre\lib\endorsed"/>
    <property name="os.arch" value="amd64"/>
    <property name="java.io.tmpdir" value="C:\Users\yebb\AppData\Local\Temp\"/>
    <property name="line.separator" value="&#10;"/>
    <property name="java.vm.specification.vendor" value="Oracle Corporation"/>
    <property name="user.variant" value=""/>
    <property name="os.name" value="Windows 8.1"/>
    <property name="classworlds.conf" value="D:\apache-maven-3.6.1-bin\apache-maven-3.6.1\bin\..\bin\m2.conf"/>
    <property name="sun.jnu.encoding" value="GBK"/>
    <property name="java.library.path" value="D:\BaiduNetdiskDownload\JDK8_64\bin;C:\WINDOWS\Sun\Java\bin;C:\WINDOWS\system32;C:\WINDOWS;D:\tool\xshell\;C:\WINDOWS\system32;C:\WINDOWS;C:\WINDOWS\System32\Wbem;C:\WINDOWS\System32\WindowsPowerShell\v1.0\;C:\Program Files\IDM Computer Solutions\UltraEdit;d:\tool\Git\cmd;C:\Program Files\MySQL\MySQL Server 5.1\bin;C:\Program Files\TortoiseSVN\bin;C:\Users\yebb\AppData\Local\Microsoft\WindowsApps;D:\BaiduNetdiskDownload\JDK8_64;D:\BaiduNetdiskDownload\JDK8_64\bin;D:\apache-maven-3.6.1-bin\apache-maven-3.6.1\bin;D:\tool\apache-tomcat-7.0.96\lib;D:\tool\apache-tomcat-7.0.96\bin;D:\tool\allure-2.6.0\bin;D:\tool\mysql\mysql-8.0.18-winx64\bin;;."/>
    <property name="maven.conf" value="D:\apache-maven-3.6.1-bin\apache-maven-3.6.1\bin\../conf"/>
    <property name="java.specification.name" value="Java Platform API Specification"/>
    <property name="java.class.version" value="52.0"/>
    <property name="sun.management.compiler" value="HotSpot 64-Bit Tiered Compilers"/>
    <property name="os.version" value="6.3"/>
    <property name="library.jansi.path" value="D:\apache-maven-3.6.1-bin\apache-maven-3.6.1\bin\..\lib\jansi-native"/>
    <property name="user.home" value="C:\Users\yebb"/>
    <property name="user.timezone" value="Asia/Shanghai"/>
    <property name="java.awt.printerjob" value="sun.awt.windows.WPrinterJob"/>
    <property name="java.specification.version" value="1.8"/>
    <property name="file.encoding" value="GBK"/>
    <property name="user.name" value="yebb"/>
    <property name="java.class.path" value="D:\apache-maven-3.6.1-bin\apache-maven-3.6.1\bin\..\boot\plexus-classworlds-2.6.0.jar"/>
    <property name="java.vm.specification.version" value="1.8"/>
    <property name="sun.arch.data.model" value="64"/>
    <property name="java.home" value="D:\BaiduNetdiskDownload\JDK8_64\jre"/>
    <property name="sun.java.command" value="org.codehaus.plexus.classworlds.launcher.Launcher clean test"/>
    <property name="java.specification.vendor" value="Oracle Corporation"/>
    <property name="user.language" value="zh"/>
    <property name="awt.toolkit" value="sun.awt.windows.WToolkit"/>
    <property name="java.vm.info" value="mixed mode"/>
    <property name="java.version" value="1.8.0_40"/>
    <property name="java.ext.dirs" value="D:\BaiduNetdiskDownload\JDK8_64\jre\lib\ext;C:\WINDOWS\Sun\Java\lib\ext"/>
    <property name="sun.boot.class.path" value="D:\BaiduNetdiskDownload\JDK8_64\jre\lib\resources.jar;D:\BaiduNetdiskDownload\JDK8_64\jre\lib\rt.jar;D:\BaiduNetdiskDownload\JDK8_64\jre\lib\sunrsasign.jar;D:\BaiduNetdiskDownload\JDK8_64\jre\lib\jsse.jar;D:\BaiduNetdiskDownload\JDK8_64\jre\lib\jce.jar;D:\BaiduNetdiskDownload\JDK8_64\jre\lib\charsets.jar;D:\BaiduNetdiskDownload\JDK8_64\jre\lib\jfr.jar;D:\BaiduNetdiskDownload\JDK8_64\jre\classes"/>
    <property name="sun.stderr.encoding" value="ms936"/>
    <property name="java.vendor" value="Oracle Corporation"/>
    <property name="maven.home" value="D:\apache-maven-3.6.1-bin\apache-maven-3.6.1\bin\.."/>
    <property name="file.separator" value="\"/>
    <property name="java.vendor.url.bug" value="http://bugreport.sun.com/bugreport/"/>
    <property name="sun.cpu.endian" value="little"/>
    <property name="sun.io.unicode.encoding" value="UnicodeLittle"/>
    <property name="sun.stdout.encoding" value="ms936"/>
    <property name="sun.desktop" value="windows"/>
    <property name="sun.cpu.isalist" value="amd64"/>
  </properties>
  <testcase name="filterCon" classname="com.fc.community.AllSiteData" time="0.671"/>
  <testcase name="filterCon" classname="com.fc.community.Collection" time="3.156"/>
  <testcase name="filterCon" classname="com.fc.community.CollectionStatus" time="0.091"/>
  <testcase name="filterCon" classname="com.fc.community.CommunityDetail" time="0.511"/>
  <testcase name="filterCon" classname="com.fc.community.CommunityList" time="1.369"/>
  <testcase name="filterCon" classname="com.fc.community.FilterCondition" time="0.032"/>
  <testcase name="filterCon" classname="com.fc.community.GetSeneschal" time="0.002"/>
  <testcase name="filterCon" classname="com.fc.community.HotHouseRents" time="0.28"/>
  <testcase name="filterCon" classname="com.fc.community.HotHouses" time="0.316"/>
  <testcase name="filterCon" classname="com.fc.community.HotWord" time="0.003"/>
  <testcase name="filterCon" classname="com.fc.community.ListsByLpIds" time="0.05"/>
  <testcase name="filterCon" classname="com.fc.community.Metion" time="0.006"/>
  <testcase name="filterCon" classname="com.fc.community.NearHouse" time="0.28"/>
  <testcase name="filterCon" classname="com.fc.community.NearHouseRent" time="0.319"/>
  <testcase name="filterCon" classname="com.fc.newHouse.GetSiteList" time="3.323"/>
  <testcase name="filterCon" classname="com.fc.newHouse.HouseDetail" time="0.038"/>
  <testcase name="filterCon" classname="com.fc.newHouse.HouseHeader" time="0.023"/>
  <testcase name="filterCon" classname="com.fc.newHouse.HouseIndex" time="2.523"/>
  <testcase name="filterCon" classname="com.fc.newHouse.HouseList" time="2.465"/>
  <testcase name="filterCon" classname="com.fc.newHouse.HouseImg" time="0.733"/>
  <testcase name="filterCon" classname="com.fc.newHouse.HouseRoomtypeDetail" time="0.384"/>
  <testcase name="filterCon" classname="com.fc.newHouse.HouseTrendDetail" time="0.587"/>
  <testcase name="filterCon" classname="com.fc.newHouse.HouseRate" time="0.011"/>
  <testcase name="filterCon" classname="com.fc.newHouse.HouseMapLocation" time="0.226"/>
  <testcase name="filterCon" classname="com.fc.newHouse.HouseMap" time="0.619"/>
  <testcase name="filterCon" classname="com.fc.newHouse.HouseMapArea" time="0.087"/>
  <testcase name="filterCon" classname="com.fc.newHouse.HouseSiteNewList" time="0.071"/>
  <testcase name="filterCon" classname="com.fc.newHouse.HouseSiteHotList" time="0.015"/>
  <testcase name="filterCon" classname="com.fc.newHouse.HouseRoomBenefit" time="0.149"/>
  <testcase name="filterCon" classname="com.fc.newHouse.HouseOpenTime" time="0.054"/>
  <testcase name="filterCon" classname="com.fc.newHouse.HouseSites" time="2.553"/>
  <testcase name="filterCon" classname="com.fc.newHouse.HouseActive" time="0.009"/>
  <testcase name="filterCon" classname="com.fc.newHouse.HouseDetailByDictIds" time="0.474"/>
  <testcase name="filterCon" classname="com.fc.newHouse.HouseRoomtypeList" time="0.166"/>
  <testcase name="filterCon" classname="com.fc.newHouse.HousePriceTrend" time="0.229"/>
  <testcase name="filterCon" classname="com.fc.newHouse.HouseRecommend" time="0.209"/>
  <testcase name="filterCon" classname="com.fc.newHouse.HouseCorrection" time="0.001"/>
  <testcase name="filterCon" classname="com.fc.newHouse.HouseFilter" time="4.922"/>
  <testcase name="filterCon" classname="com.fc.newHouse.HouseNewTrend" time="0.081"/>
  <testcase name="filterCon" classname="com.fc.newHouse.HouseEnPerfixList" time="0.554"/>
  <testcase name="filterCon" classname="com.fc.headNet.Active" time="0.006"/>
  <testcase name="filterCon" classname="com.fc.headNet.CheckSurvey" time="0.001"/>
  <testcase name="filterCon" classname="com.fc.headNet.Exists" time="0.004"/>
  <testcase name="filterCon" classname="com.fc.headNet.FilterList" time="0.131"/>
  <testcase name="filterCon" classname="com.fc.headNet.GetDictById" time="0.026"/>
  <testcase name="filterCon" classname="com.fc.headNet.GetDictListByName" time="0.001"/>
  <testcase name="filterCon" classname="com.fc.headNet.Getinfo" time="0.004"/>
  <testcase name="filterCon" classname="com.fc.headNet.GetRecommend" time="0.196"/>
  <testcase name="filterCon" classname="com.fc.headNet.NetGetSiteList" time="0.372"/>
  <testcase name="filterCon" classname="com.fc.headNet.GetSurvey" time="0.001"/>
  <testcase name="filterCon" classname="com.fc.headNet.RoomCard" time="0.024"/>
  <testcase name="filterCon" classname="com.fc.headNet.UcmsFilterList" time="0.009"/>
</testsuite>