<?xml version="1.0" encoding="UTF-8"?>
<!-- Generated by org.testng.reporters.JUnitReportReporter -->
<testsuite hostname="DESKTOPyebb" name="com.fc.community.FilterCondition" tests="1" failures="0" timestamp="3 Dec 2019 09:50:25 GMT" time="0.237" errors="0">
  <testcase name="filterCon" time="0.237" classname="com.fc.community.FilterCondition"/>
</testsuite> <!-- com.fc.community.FilterCondition -->
