<?xml version="1.0" encoding="UTF-8"?>
<!-- Generated by org.testng.reporters.JUnitReportReporter -->
<testsuite hostname="DESKTOPyebb" name="com.fc.community.GetSeneschal" tests="1" failures="0" timestamp="1 Nov 2019 11:23:46 GMT" time="0.081" errors="0">
  <testcase name="filterCon" time="0.081" classname="com.fc.community.GetSeneschal"/>
</testsuite> <!-- com.fc.community.GetSeneschal -->
