<?xml version="1.0" encoding="UTF-8"?>
<!-- Generated by org.testng.reporters.JUnitReportReporter -->
<testsuite hostname="DESKTOPyebb" name="com.fc.newHouse.HouseOpenTime" tests="1" failures="0" timestamp="3 Dec 2019 08:17:34 GMT" time="0.159" errors="0">
  <testcase name="filterCon" time="0.159" classname="com.fc.newHouse.HouseOpenTime"/>
</testsuite> <!-- com.fc.newHouse.HouseOpenTime -->
