<?xml version="1.0" encoding="UTF-8"?>
<!-- Generated by org.testng.reporters.JUnitReportReporter -->
<testsuite hostname="DESKTOPyebb" name="com.fc.newHouse.HouseNewTrend" tests="1" failures="0" timestamp="3 Dec 2019 09:50:25 GMT" time="0.172" errors="0">
  <testcase name="filterCon" time="0.172" classname="com.fc.newHouse.HouseNewTrend"/>
</testsuite> <!-- com.fc.newHouse.HouseNewTrend -->
