<?xml version="1.0" encoding="UTF-8"?>
<!-- Generated by org.testng.reporters.JUnitReportReporter -->
<testsuite hostname="DESKTOPyebb" name="com.fc.newHouse.HouseHeader" tests="1" failures="0" timestamp="3 Dec 2019 09:50:25 GMT" time="0.020" errors="0">
  <testcase name="filterCon" time="0.020" classname="com.fc.newHouse.HouseHeader"/>
</testsuite> <!-- com.fc.newHouse.HouseHeader -->
