<?xml version="1.0" encoding="UTF-8"?>
<!-- Generated by org.testng.reporters.JUnitReportReporter -->
<testsuite hostname="DESKTOPyebb" name="com.fc.newHouse.HouseFilter" tests="1" failures="0" timestamp="3 Dec 2019 08:17:34 GMT" time="0.081" errors="0">
  <testcase name="filterCon" time="0.081" classname="com.fc.newHouse.HouseFilter"/>
</testsuite> <!-- com.fc.newHouse.HouseFilter -->
