<?xml version="1.0" encoding="UTF-8"?>
<!-- Generated by org.testng.reporters.JUnitReportReporter -->
<testsuite hostname="DESKTOPyebb" name="com.fc.headNet.Exists" tests="1" failures="0" timestamp="3 Dec 2019 09:50:26 GMT" time="0.463" errors="0">
  <testcase name="filterCon" time="0.463" classname="com.fc.headNet.Exists"/>
</testsuite> <!-- com.fc.headNet.Exists -->
