<?xml version="1.0" encoding="UTF-8"?>
<!-- Generated by org.testng.reporters.JUnitReportReporter -->
<testsuite hostname="DESKTOPyebb" name="com.fc.community.NearHouseRent" tests="1" failures="0" timestamp="1 Nov 2019 11:23:46 GMT" time="0.090" errors="0">
  <testcase name="filterCon" time="0.090" classname="com.fc.community.NearHouseRent"/>
</testsuite> <!-- com.fc.community.NearHouseRent -->
