<?xml version="1.0" encoding="UTF-8"?>
<!-- Generated by org.testng.reporters.JUnitReportReporter -->
<testsuite hostname="DESKTOPyebb" name="com.fc.newHouse.HouseIndex" tests="1" failures="0" timestamp="3 Dec 2019 09:50:25 GMT" time="0.034" errors="0">
  <testcase name="filterCon" time="0.034" classname="com.fc.newHouse.HouseIndex"/>
</testsuite> <!-- com.fc.newHouse.HouseIndex -->
